<?xml version="1.0" encoding="UTF-8"?>
<testng-results ignored="0" total="2" passed="2" failed="0" skipped="0">
  <reporter-output>
  </reporter-output>
  <suite started-at="2023-09-25T23:45:35 EDT" name="Suite" finished-at="2023-09-25T23:46:05 EDT" duration-ms="29984">
    <groups>
    </groups>
    <test started-at="2023-09-25T23:45:35 EDT" name="Testonmyedge" finished-at="2023-09-25T23:45:54 EDT" duration-ms="18310">
      <class name="crossbrowser.CrossBrowserTest">
        <test-method is-config="true" signature="LaunchBrowser(java.lang.String)[pri:0, instance:crossbrowser.CrossBrowserTest@74235045]" started-at="2023-09-25T23:45:36 EDT" name="LaunchBrowser" finished-at="2023-09-25T23:45:45 EDT" duration-ms="9692" status="PASS">
          <params>
            <param index="0">
              <value>
                <![CDATA[msedge]]>
              </value>
            </param>
          </params>
          <reporter-output>
          </reporter-output>
        </test-method> <!-- LaunchBrowser -->
        <test-method signature="verifytitle()[pri:0, instance:crossbrowser.CrossBrowserTest@74235045]" started-at="2023-09-25T23:45:45 EDT" name="verifytitle" finished-at="2023-09-25T23:45:53 EDT" duration-ms="8196" status="PASS">
          <reporter-output>
          </reporter-output>
        </test-method> <!-- verifytitle -->
        <test-method is-config="true" signature="endTest()[pri:0, instance:crossbrowser.CrossBrowserTest@74235045]" started-at="2023-09-25T23:45:53 EDT" name="endTest" finished-at="2023-09-25T23:45:54 EDT" duration-ms="381" status="PASS">
          <reporter-output>
          </reporter-output>
        </test-method> <!-- endTest -->
      </class> <!-- crossbrowser.CrossBrowserTest -->
    </test> <!-- Testonmyedge -->
    <test started-at="2023-09-25T23:45:54 EDT" name="Testonmychrome" finished-at="2023-09-25T23:46:05 EDT" duration-ms="11632">
      <class name="crossbrowser.CrossBrowserTest">
        <test-method is-config="true" signature="LaunchBrowser(java.lang.String)[pri:0, instance:crossbrowser.CrossBrowserTest@7a8c8dcf]" started-at="2023-09-25T23:45:54 EDT" name="LaunchBrowser" finished-at="2023-09-25T23:45:57 EDT" duration-ms="3150" status="PASS">
          <params>
            <param index="0">
              <value>
                <![CDATA[chrome]]>
              </value>
            </param>
          </params>
          <reporter-output>
          </reporter-output>
        </test-method> <!-- LaunchBrowser -->
        <test-method signature="verifytitle()[pri:0, instance:crossbrowser.CrossBrowserTest@7a8c8dcf]" started-at="2023-09-25T23:45:57 EDT" name="verifytitle" finished-at="2023-09-25T23:46:05 EDT" duration-ms="7911" status="PASS">
          <reporter-output>
          </reporter-output>
        </test-method> <!-- verifytitle -->
        <test-method is-config="true" signature="endTest()[pri:0, instance:crossbrowser.CrossBrowserTest@7a8c8dcf]" started-at="2023-09-25T23:46:05 EDT" name="endTest" finished-at="2023-09-25T23:46:05 EDT" duration-ms="565" status="PASS">
          <reporter-output>
          </reporter-output>
        </test-method> <!-- endTest -->
      </class> <!-- crossbrowser.CrossBrowserTest -->
    </test> <!-- Testonmychrome -->
  </suite> <!-- Suite -->
</testng-results>
